<?xml version="1.0" encoding="UTF-8"?>
<!-- Generated by org.testng.reporters.JUnitReportReporter -->
<testsuite hostname="kairosHW0404" failures="0" tests="1" name="Runner.Testrun" time="5.470" errors="1" timestamp="2023-05-23T14:13:15 IST" skipped="0">
  <testcase classname="Runner.Testrun" name="runScenario" time="5.470">
    <error message="TODO: implement me" type="io.cucumber.java.PendingException">
      <![CDATA[io.cucumber.java.PendingException: TODO: implement me
at StepDefenitions.Step1.enter_username_and_password(Step1.java:28)
at âœ½.enter username and password(file:///D:/java%20and%20automation/BashaCucumberFramework/Feature/app.feature:5)
]]>
    </error>
  </testcase> <!-- runScenario -->
  <system-out/>
</testsuite> <!-- Runner.Testrun -->
